<?xml version="1.0" encoding="UTF-8"?>
<testng-results ignored="0" total="1" passed="1" failed="0" skipped="0">
  <reporter-output>
  </reporter-output>
  <suite started-at="2023-03-01T17:31:08 IST" name="Default suite" finished-at="2023-03-01T17:31:19 IST" duration-ms="10520">
    <groups>
    </groups>
    <test started-at="2023-03-01T17:31:08 IST" name="Default test" finished-at="2023-03-01T17:31:19 IST" duration-ms="10520">
      <class name="planittestcase1.testcasef">
        <test-method is-config="true" signature="setupBrowser()[pri:0, instance:planittestcase1.testcasef@2ea41516]" started-at="2023-03-01T17:31:08 IST" name="setupBrowser" finished-at="2023-03-01T17:31:18 IST" duration-ms="9833" status="PASS">
          <reporter-output>
          </reporter-output>
        </test-method> <!-- setupBrowser -->
        <test-method signature="testCase1()[pri:0, instance:planittestcase1.testcasef@2ea41516]" started-at="2023-03-01T17:31:18 IST" name="testCase1" finished-at="2023-03-01T17:31:19 IST" duration-ms="529" status="PASS">
          <reporter-output>
          </reporter-output>
        </test-method> <!-- testCase1 -->
      </class> <!-- planittestcase1.testcasef -->
    </test> <!-- Default test -->
  </suite> <!-- Default suite -->
</testng-results>
